2.11.2020. 8:43:14	This log contains information about the import schema operation into project 'AdminDB' on computer 'SRGT-GBARUNIC' by user 'goran.barunic'.
2.11.2020. 8:43:14	Import of database schema has started.
2.11.2020. 8:43:19	Gathering database credentials
2.11.2020. 8:43:19	Gathering database options
2.11.2020. 8:43:19	Gathering generic database scoped configuration option
2.11.2020. 8:43:19	Gathering users
2.11.2020. 8:43:19	Gathering roles
2.11.2020. 8:43:19	Gathering application roles
2.11.2020. 8:43:19	Gathering role memberships
2.11.2020. 8:43:19	Gathering filegroups
2.11.2020. 8:43:19	Gathering full-text catalogs
2.11.2020. 8:43:19	Gathering assemblies
2.11.2020. 8:43:19	Gathering certificates
2.11.2020. 8:43:19	Gathering asymmetric keys
2.11.2020. 8:43:19	Gathering symmetric keys
2.11.2020. 8:43:19	Gathering encrypted symmetric keys
2.11.2020. 8:43:19	Gathering schemas
2.11.2020. 8:43:19	Gathering XML schema collections
2.11.2020. 8:43:19	Gathering user-defined data types
2.11.2020. 8:43:19	Gathering user-defined types
2.11.2020. 8:43:19	Gathering table types
2.11.2020. 8:43:19	Gathering unique keys for table types
2.11.2020. 8:43:19	Gathering primary keys for table types
2.11.2020. 8:43:19	Gathering indexes for table types
2.11.2020. 8:43:19	Gathering check constraints for table types
2.11.2020. 8:43:19	Gathering default constraints for table types
2.11.2020. 8:43:19	Gathering partition functions
2.11.2020. 8:43:19	Gathering partition schemes
2.11.2020. 8:43:19	Gathering functions
2.11.2020. 8:43:19	Gathering encrypted functions
2.11.2020. 8:43:19	Gathering aggregates
2.11.2020. 8:43:19	Gathering procedures
2.11.2020. 8:43:19	Gathering encrypted procedures
2.11.2020. 8:43:19	Gathering tables
2.11.2020. 8:43:19	Gathering primary keys
2.11.2020. 8:43:19	Gathering unique constraints
2.11.2020. 8:43:19	Gathering foreign keys
2.11.2020. 8:43:19	Gathering default constraints
2.11.2020. 8:43:19	Gathering check constraints
2.11.2020. 8:43:19	Gathering views
2.11.2020. 8:43:19	Gathering encrypted views
2.11.2020. 8:43:19	Gathering indexes
2.11.2020. 8:43:19	Gathering statistics
2.11.2020. 8:43:19	Gathering full-text index stoplists
2.11.2020. 8:43:19	Gathering search property lists
2.11.2020. 8:43:19	Gathering search properties
2.11.2020. 8:43:19	Gathering full-text indexes
2.11.2020. 8:43:19	Gathering column store indexes
2.11.2020. 8:43:19	Gathering spatial indexes
2.11.2020. 8:43:19	Gathering XML indexes
2.11.2020. 8:43:19	Gathering Selective XML indexes
2.11.2020. 8:43:19	Gathering encrypted triggers
2.11.2020. 8:43:19	Gathering triggers
2.11.2020. 8:43:19	Gathering encrypted and clr ddl triggers
2.11.2020. 8:43:19	Gathering ddl triggers
2.11.2020. 8:43:19	Creating edge constraints
2.11.2020. 8:43:19	Gathering synonyms
2.11.2020. 8:43:19	Gathering defaults
2.11.2020. 8:43:19	Gathering data constraint uddt bindings
2.11.2020. 8:43:19	Gathering rules
2.11.2020. 8:43:19	Gathering data constraint uddt bindings
2.11.2020. 8:43:19	Gathering message types
2.11.2020. 8:43:19	Gathering queues
2.11.2020. 8:43:19	Gathering contracts
2.11.2020. 8:43:19	Gathering services
2.11.2020. 8:43:19	Gathering event notifications
2.11.2020. 8:43:19	Gathering remote service bindings
2.11.2020. 8:43:19	Gathering broker priorities
2.11.2020. 8:43:19	Gathering signatures
2.11.2020. 8:43:19	Gathering data compression options
2.11.2020. 8:43:19	Gathering sequence types
2.11.2020. 8:43:19	Gathering security policies
2.11.2020. 8:43:19	Gather column encryption keys
2.11.2020. 8:43:19	Gathering column master keys
2.11.2020. 8:43:19	Gathering external data sources
2.11.2020. 8:43:19	Gathering external file formats
2.11.2020. 8:43:19	Gathering external tables
2.11.2020. 8:43:19	Gathering extended properties
2.11.2020. 8:43:19	Gathering credentials
2.11.2020. 8:43:19	Gathering logins
2.11.2020. 8:43:19	Gathering server audits
2.11.2020. 8:43:20	Scanning project for duplicate elements
2.11.2020. 8:43:20	Finished duplicate element processing
2.11.2020. 8:43:20	Finished importing database.
2.11.2020. 8:43:20	A summary of the import was saved to the following location: C:\Users\goran.barunic\Desktop\Edukacija Serengeti\AppSolution\DBProjects\AdminDB\Import Schema Logs\AdminDB_20201102074314.log
2.11.2020. 8:43:20	Click Finish to continue...
