2.11.2020. 8:44:49	This log contains information about the import schema operation into project 'CoreDB' on computer 'SRGT-GBARUNIC' by user 'goran.barunic'.
2.11.2020. 8:44:49	Import of database schema has started.
2.11.2020. 8:44:54	Gathering database credentials
2.11.2020. 8:44:54	Gathering database options
2.11.2020. 8:44:54	Gathering generic database scoped configuration option
2.11.2020. 8:44:54	Gathering users
2.11.2020. 8:44:54	Gathering roles
2.11.2020. 8:44:54	Gathering application roles
2.11.2020. 8:44:54	Gathering role memberships
2.11.2020. 8:44:54	Gathering filegroups
2.11.2020. 8:44:54	Gathering full-text catalogs
2.11.2020. 8:44:54	Gathering assemblies
2.11.2020. 8:44:54	Gathering certificates
2.11.2020. 8:44:54	Gathering asymmetric keys
2.11.2020. 8:44:54	Gathering symmetric keys
2.11.2020. 8:44:54	Gathering encrypted symmetric keys
2.11.2020. 8:44:54	Gathering schemas
2.11.2020. 8:44:54	Gathering XML schema collections
2.11.2020. 8:44:54	Gathering user-defined data types
2.11.2020. 8:44:54	Gathering user-defined types
2.11.2020. 8:44:54	Gathering table types
2.11.2020. 8:44:54	Gathering unique keys for table types
2.11.2020. 8:44:54	Gathering primary keys for table types
2.11.2020. 8:44:54	Gathering indexes for table types
2.11.2020. 8:44:54	Gathering check constraints for table types
2.11.2020. 8:44:54	Gathering default constraints for table types
2.11.2020. 8:44:54	Gathering partition functions
2.11.2020. 8:44:54	Gathering partition schemes
2.11.2020. 8:44:54	Gathering functions
2.11.2020. 8:44:54	Gathering encrypted functions
2.11.2020. 8:44:54	Gathering aggregates
2.11.2020. 8:44:54	Gathering procedures
2.11.2020. 8:44:54	Gathering encrypted procedures
2.11.2020. 8:44:54	Gathering tables
2.11.2020. 8:44:54	Gathering primary keys
2.11.2020. 8:44:54	Gathering unique constraints
2.11.2020. 8:44:54	Gathering foreign keys
2.11.2020. 8:44:54	Gathering default constraints
2.11.2020. 8:44:54	Gathering check constraints
2.11.2020. 8:44:54	Gathering views
2.11.2020. 8:44:54	Gathering encrypted views
2.11.2020. 8:44:54	Gathering indexes
2.11.2020. 8:44:54	Gathering statistics
2.11.2020. 8:44:54	Gathering full-text index stoplists
2.11.2020. 8:44:54	Gathering search property lists
2.11.2020. 8:44:54	Gathering search properties
2.11.2020. 8:44:54	Gathering full-text indexes
2.11.2020. 8:44:54	Gathering column store indexes
2.11.2020. 8:44:54	Gathering spatial indexes
2.11.2020. 8:44:54	Gathering XML indexes
2.11.2020. 8:44:54	Gathering Selective XML indexes
2.11.2020. 8:44:54	Gathering encrypted triggers
2.11.2020. 8:44:54	Gathering triggers
2.11.2020. 8:44:54	Gathering encrypted and clr ddl triggers
2.11.2020. 8:44:54	Gathering ddl triggers
2.11.2020. 8:44:54	Creating edge constraints
2.11.2020. 8:44:54	Gathering synonyms
2.11.2020. 8:44:54	Gathering defaults
2.11.2020. 8:44:54	Gathering data constraint uddt bindings
2.11.2020. 8:44:54	Gathering rules
2.11.2020. 8:44:54	Gathering data constraint uddt bindings
2.11.2020. 8:44:54	Gathering message types
2.11.2020. 8:44:54	Gathering queues
2.11.2020. 8:44:54	Gathering contracts
2.11.2020. 8:44:54	Gathering services
2.11.2020. 8:44:54	Gathering event notifications
2.11.2020. 8:44:54	Gathering remote service bindings
2.11.2020. 8:44:54	Gathering broker priorities
2.11.2020. 8:44:54	Gathering signatures
2.11.2020. 8:44:54	Gathering data compression options
2.11.2020. 8:44:54	Gathering sequence types
2.11.2020. 8:44:54	Gathering security policies
2.11.2020. 8:44:54	Gather column encryption keys
2.11.2020. 8:44:54	Gathering column master keys
2.11.2020. 8:44:54	Gathering external data sources
2.11.2020. 8:44:54	Gathering external file formats
2.11.2020. 8:44:54	Gathering external tables
2.11.2020. 8:44:54	Gathering extended properties
2.11.2020. 8:44:54	Gathering credentials
2.11.2020. 8:44:54	Gathering logins
2.11.2020. 8:44:54	Gathering server audits
2.11.2020. 8:44:54	Scanning project for duplicate elements
2.11.2020. 8:44:54	Finished duplicate element processing
2.11.2020. 8:44:55	Finished importing database.
2.11.2020. 8:44:55	A summary of the import was saved to the following location: C:\Users\goran.barunic\Desktop\Edukacija Serengeti\AppSolution\DBProjects\CoreDB\Import Schema Logs\CoreDB_20201102074449.log
2.11.2020. 8:44:55	Click Finish to continue...
